<?xml version="1.0" encoding="UTF-8"?>
<!-- Generated by org.testng.reporters.JUnitReportReporter -->
<testsuite skipped="0" hostname="KELLGGNLPTP1605" name="com.project.testCases.TC_LoginTest_001" tests="1" failures="0" timestamp="10 Jul 2024 10:50:42 GMT" time="1.103" errors="0">
  <testcase name="loginTest" time="1.103" classname="com.project.testCases.TC_LoginTest_001"/>
</testsuite> <!-- com.project.testCases.TC_LoginTest_001 -->
