<?xml version="1.0" encoding="UTF-8"?>
<!-- Generated by org.testng.reporters.JUnitReportReporter -->
<testsuite skipped="0" hostname="KELLGGNLPTP1605" name="day5.ExtentReportExp" tests="1" failures="0" timestamp="23 Oct 2024 17:28:53 GMT" time="3.279" errors="0">
  <testcase name="report" time="3.279" classname="day5.ExtentReportExp"/>
</testsuite> <!-- day5.ExtentReportExp -->
