<?xml version="1.0" encoding="UTF-8"?>
<!-- Generated by org.testng.reporters.JUnitReportReporter -->
<testsuite skipped="0" hostname="KELLGGNLPTP1605" name="crossbrowser.CrossBrowserTest" tests="1" failures="0" timestamp="17 Jun 2024 18:33:36 GMT" time="13.169" errors="0">
  <testcase name="crossBrowser" time="13.169" classname="crossbrowser.CrossBrowserTest"/>
</testsuite> <!-- crossbrowser.CrossBrowserTest -->
