<?xml version="1.0" encoding="UTF-8"?>
<!-- Generated by org.testng.reporters.JUnitReportReporter -->
<testsuite skipped="0" hostname="KELLGGNLPTP1605" name="com.duc.selenium.HoverMouse" tests="1" failures="0" timestamp="2 Aug 2024 07:57:28 GMT" time="57.086" errors="0">
  <testcase name="hoverMouse" time="57.086" classname="com.duc.selenium.HoverMouse"/>
</testsuite> <!-- com.duc.selenium.HoverMouse -->
