<?xml version="1.0" encoding="UTF-8"?>
<!-- Generated by org.testng.reporters.JUnitReportReporter -->
<testsuite skipped="0" hostname="KELLGGNLPTP1605" name="crossbrowser.CrossBrowserTest" tests="1" failures="0" timestamp="19 Jun 2024 14:06:24 GMT" time="29.998" errors="0">
  <testcase name="crossBrowser" time="29.998" classname="crossbrowser.CrossBrowserTest"/>
</testsuite> <!-- crossbrowser.CrossBrowserTest -->
