<?xml version="1.0" encoding="UTF-8"?>
<!-- Generated by org.testng.reporters.JUnitReportReporter -->
<testsuite skipped="0" hostname="KELLGGNLPTP1605" name="com.project.testCases.TC_LoginTest_001" tests="1" failures="0" timestamp="19 Jun 2024 15:12:58 GMT" time="0.972" errors="0">
  <testcase name="loginTest" time="0.972" classname="com.project.testCases.TC_LoginTest_001"/>
</testsuite> <!-- com.project.testCases.TC_LoginTest_001 -->
