<?xml version="1.0" encoding="UTF-8"?>
<!-- Generated by org.testng.reporters.JUnitReportReporter -->
<testsuite skipped="0" hostname="KELLGGNLPTP1605" name="com.project.testCases.LoginTest" tests="1" failures="0" timestamp="29 Oct 2024 15:34:18 GMT" time="362.033" errors="0">
  <testcase name="loginTest" time="362.033" classname="com.project.testCases.LoginTest"/>
</testsuite> <!-- com.project.testCases.LoginTest -->
