<?xml version="1.0" encoding="UTF-8"?>
<!-- Generated by org.testng.reporters.JUnitReportReporter -->
<testsuite skipped="0" hostname="KELLGGNLPTP1605" name="day5.ExtentReportWithTestCase" tests="1" failures="0" timestamp="23 Oct 2024 17:30:27 GMT" time="12.412" errors="0">
  <testcase name="extentReportWithTest" time="12.412" classname="day5.ExtentReportWithTestCase"/>
</testsuite> <!-- day5.ExtentReportWithTestCase -->
