<?xml version="1.0" encoding="UTF-8"?>
<!-- Generated by org.testng.reporters.JUnitReportReporter -->
<testsuite skipped="0" hostname="KELLGGNLPTP1605" name="com.project.testData.ReadExcelFile" tests="1" failures="0" timestamp="27 Jun 2024 11:25:17 GMT" time="0.880" errors="0">
  <testcase name="readExcel_Files" time="0.880" classname="com.project.testData.ReadExcelFile"/>
</testsuite> <!-- com.project.testData.ReadExcelFile -->
