<?xml version="1.0" encoding="UTF-8"?>
<!-- Generated by org.testng.reporters.JUnitReportReporter -->
<testsuite hostname="KELLGGNLPTP1605" name="com.apitesting.Test01_GET" tests="1" failures="0" timestamp="18 Oct 2024 15:54:26 GMT" time="2.514" errors="0">
  <testcase name="test_01" time="2.514" classname="com.apitesting.Test01_GET"/>
</testsuite> <!-- com.apitesting.Test01_GET -->
